{"/mnt/c/Usuario/alemanoelsilva/projetos/onboard/pock-allways-be/api/repository/factory.js":{"path":"/mnt/c/Usuario/alemanoelsilva/projetos/onboard/pock-allways-be/api/repository/factory.js","statementMap":{"0":{"start":{"line":3,"column":0},"end":{"line":32,"column":2}},"1":{"start":{"line":3,"column":33},"end":{"line":32,"column":1}},"2":{"start":{"line":5,"column":4},"end":{"line":5,"column":33}},"3":{"start":{"line":8,"column":4},"end":{"line":8,"column":28}},"4":{"start":{"line":11,"column":4},"end":{"line":15,"column":17}},"5":{"start":{"line":18,"column":4},"end":{"line":18,"column":29}},"6":{"start":{"line":21,"column":4},"end":{"line":21,"column":44}},"7":{"start":{"line":24,"column":4},"end":{"line":24,"column":44}},"8":{"start":{"line":27,"column":4},"end":{"line":27,"column":30}},"9":{"start":{"line":30,"column":4},"end":{"line":30,"column":36}}},"fnMap":{"0":{"name":"(anonymous_0)","decl":{"start":{"line":3,"column":17},"end":{"line":3,"column":18}},"loc":{"start":{"line":3,"column":33},"end":{"line":32,"column":1}},"line":3}},"branchMap":{"0":{"loc":{"start":{"line":10,"column":11},"end":{"line":10,"column":63}},"type":"default-arg","locations":[{"start":{"line":10,"column":61},"end":{"line":10,"column":63}}],"line":10},"1":{"loc":{"start":{"line":10,"column":13},"end":{"line":10,"column":23}},"type":"default-arg","locations":[{"start":{"line":10,"column":21},"end":{"line":10,"column":23}}],"line":10},"2":{"loc":{"start":{"line":10,"column":25},"end":{"line":10,"column":33}},"type":"default-arg","locations":[{"start":{"line":10,"column":32},"end":{"line":10,"column":33}}],"line":10},"3":{"loc":{"start":{"line":10,"column":35},"end":{"line":10,"column":45}},"type":"default-arg","locations":[{"start":{"line":10,"column":43},"end":{"line":10,"column":45}}],"line":10},"4":{"loc":{"start":{"line":10,"column":47},"end":{"line":10,"column":56}},"type":"default-arg","locations":[{"start":{"line":10,"column":54},"end":{"line":10,"column":56}}],"line":10},"5":{"loc":{"start":{"line":20,"column":13},"end":{"line":20,"column":23}},"type":"default-arg","locations":[{"start":{"line":20,"column":21},"end":{"line":20,"column":23}}],"line":20},"6":{"loc":{"start":{"line":20,"column":25},"end":{"line":20,"column":33}},"type":"default-arg","locations":[{"start":{"line":20,"column":31},"end":{"line":20,"column":33}}],"line":20},"7":{"loc":{"start":{"line":20,"column":35},"end":{"line":20,"column":71}},"type":"default-arg","locations":[{"start":{"line":20,"column":45},"end":{"line":20,"column":71}}],"line":20},"8":{"loc":{"start":{"line":23,"column":12},"end":{"line":23,"column":22}},"type":"default-arg","locations":[{"start":{"line":23,"column":20},"end":{"line":23,"column":22}}],"line":23},"9":{"loc":{"start":{"line":23,"column":24},"end":{"line":23,"column":32}},"type":"default-arg","locations":[{"start":{"line":23,"column":30},"end":{"line":23,"column":32}}],"line":23},"10":{"loc":{"start":{"line":23,"column":34},"end":{"line":23,"column":58}},"type":"default-arg","locations":[{"start":{"line":23,"column":44},"end":{"line":23,"column":58}}],"line":23},"11":{"loc":{"start":{"line":26,"column":10},"end":{"line":26,"column":20}},"type":"default-arg","locations":[{"start":{"line":26,"column":18},"end":{"line":26,"column":20}}],"line":26},"12":{"loc":{"start":{"line":29,"column":8},"end":{"line":29,"column":18}},"type":"default-arg","locations":[{"start":{"line":29,"column":16},"end":{"line":29,"column":18}}],"line":29}},"s":{"0":1,"1":1,"2":1,"3":1,"4":5,"5":1,"6":1,"7":1,"8":2,"9":6},"f":{"0":1},"b":{"0":[0],"1":[1],"2":[1],"3":[1],"4":[1],"5":[0],"6":[0],"7":[0],"8":[0],"9":[0],"10":[0],"11":[0],"12":[2]},"_coverageSchema":"332fd63041d2c1bcb487cc26dd0d5f7d97098a6c","hash":"2e1195abd8ccb5ab3efa2261f13baee3178cd0ee","contentHash":"fbb7e7509bbd7e51a48ed6d71717a0ea_11.7.1"},"/mnt/c/Usuario/alemanoelsilva/projetos/onboard/pock-allways-be/api/models/cards/index.js":{"path":"/mnt/c/Usuario/alemanoelsilva/projetos/onboard/pock-allways-be/api/models/cards/index.js","statementMap":{"0":{"start":{"line":3,"column":17},"end":{"line":3,"column":36}},"1":{"start":{"line":5,"column":19},"end":{"line":5,"column":27}},"2":{"start":{"line":7,"column":13},"end":{"line":40,"column":26}},"3":{"start":{"line":42,"column":0},"end":{"line":42,"column":70}},"4":{"start":{"line":44,"column":0},"end":{"line":44,"column":46}}},"fnMap":{},"branchMap":{},"s":{"0":1,"1":1,"2":1,"3":1,"4":1},"f":{},"b":{},"_coverageSchema":"332fd63041d2c1bcb487cc26dd0d5f7d97098a6c","hash":"53a468f2b5a1fe7750428dfbd3034ae17ad15aca","contentHash":"e1ae31a10176e3f34a7b337ac901f891_11.7.1"},"/mnt/c/Usuario/alemanoelsilva/projetos/onboard/pock-allways-be/config/index.js":{"path":"/mnt/c/Usuario/alemanoelsilva/projetos/onboard/pock-allways-be/config/index.js","statementMap":{"0":{"start":{"line":3,"column":22},"end":{"line":3,"column":42}},"1":{"start":{"line":5,"column":12},"end":{"line":5,"column":32}},"2":{"start":{"line":6,"column":33},"end":{"line":6,"column":52}},"3":{"start":{"line":8,"column":0},"end":{"line":8,"column":75}}},"fnMap":{},"branchMap":{},"s":{"0":1,"1":1,"2":1,"3":1},"f":{},"b":{},"_coverageSchema":"332fd63041d2c1bcb487cc26dd0d5f7d97098a6c","hash":"70028696fc9b9dad864343e756656c42f84e9ae4","contentHash":"6d1234004b0720f241410c326b264e67_11.7.1"},"/mnt/c/Usuario/alemanoelsilva/projetos/onboard/pock-allways-be/config/default.js":{"path":"/mnt/c/Usuario/alemanoelsilva/projetos/onboard/pock-allways-be/config/default.js","statementMap":{"0":{"start":{"line":3,"column":15},"end":{"line":3,"column":32}},"1":{"start":{"line":5,"column":0},"end":{"line":5,"column":13}},"2":{"start":{"line":7,"column":0},"end":{"line":14,"column":1}}},"fnMap":{},"branchMap":{},"s":{"0":1,"1":1,"2":1},"f":{},"b":{},"_coverageSchema":"332fd63041d2c1bcb487cc26dd0d5f7d97098a6c","hash":"795cdcee4f6eeca171c7d110c0f64bb4ac31f728","contentHash":"4180b52c27fcc98178a3cd1210a16cc2_11.7.1"},"/mnt/c/Usuario/alemanoelsilva/projetos/onboard/pock-allways-be/config/test.js":{"path":"/mnt/c/Usuario/alemanoelsilva/projetos/onboard/pock-allways-be/config/test.js","statementMap":{"0":{"start":{"line":3,"column":0},"end":{"line":7,"column":2}}},"fnMap":{},"branchMap":{},"s":{"0":1},"f":{},"b":{},"_coverageSchema":"332fd63041d2c1bcb487cc26dd0d5f7d97098a6c","hash":"ccdf1b51bc371119f4147fed7895d484132a43f4","contentHash":"f089044602d393ce2ee2e44432650f47_11.7.1"}}